2025-08-08 09:58:24,720 INFO: Backend application startup [in F:\ser-project\moniter system\backend\app\__init__.py:74]
2025-08-08 09:58:25,078 INFO: Created default admin user (username: admin, password: admin123) [in F:\ser-project\moniter system\backend\run.py:40]
2025-08-08 09:58:25,079 INFO: Database initialized successfully [in F:\ser-project\moniter system\backend\run.py:42]
2025-08-08 09:58:25,079 INFO: Starting Flask app in production mode [in F:\ser-project\moniter system\backend\run.py:59]
2025-08-08 09:58:49,399 INFO: Backend application startup [in F:\ser-project\moniter system\backend\app\__init__.py:74]
2025-08-08 09:58:49,399 INFO: Backend application startup [in F:\ser-project\moniter system\backend\app\__init__.py:74]
2025-08-08 10:01:59,291 INFO: Backend application startup [in F:\ser-project\moniter system\backend\app\__init__.py:74]
2025-08-08 10:01:59,291 INFO: Backend application startup [in F:\ser-project\moniter system\backend\app\__init__.py:74]
2025-08-08 10:01:59,291 INFO: Backend application startup [in F:\ser-project\moniter system\backend\app\__init__.py:74]
2025-08-08 10:23:16,282 INFO: Backend application startup [in f:\ser-project\moniter system\backend\app\__init__.py:74]
2025-08-08 10:23:16,390 INFO: Database initialized successfully [in f:\ser-project\moniter system\backend\run.py:42]
2025-08-08 10:23:16,391 INFO: Starting Flask app in production mode [in f:\ser-project\moniter system\backend\run.py:59]
2025-10-03 20:54:43,380 INFO: Backend application startup [in C:\coll\coll\backend\app\__init__.py:74]
2025-10-03 20:54:43,639 INFO: Database initialized successfully [in C:\coll\coll\backend\run.py:42]
2025-10-03 20:54:43,639 INFO: Starting Flask app in production mode [in C:\coll\coll\backend\run.py:59]
2025-10-03 21:06:10,573 INFO: Backend application startup [in C:\coll\coll\backend\app\__init__.py:74]
2025-10-03 21:06:10,685 INFO: Database initialized successfully [in C:\coll\coll\backend\run.py:42]
2025-10-03 21:06:10,685 INFO: Starting Flask app in production mode [in C:\coll\coll\backend\run.py:59]
2025-10-03 21:21:00,585 INFO: Backend application startup [in C:\coll\coll\backend\app\__init__.py:74]
2025-10-03 21:21:00,952 INFO: Backend application startup [in C:\coll\coll\backend\app\__init__.py:74]
2025-10-03 21:21:00,952 INFO: Backend application startup [in C:\coll\coll\backend\app\__init__.py:74]
2025-10-03 21:21:01,116 INFO: Backend application startup [in C:\coll\coll\backend\app\__init__.py:74]
2025-10-03 21:21:01,116 INFO: Backend application startup [in C:\coll\coll\backend\app\__init__.py:74]
2025-10-03 21:21:01,116 INFO: Backend application startup [in C:\coll\coll\backend\app\__init__.py:74]
2025-10-03 21:34:46,984 INFO: Backend application startup [in C:\coll\coll\backend\app\__init__.py:74]
2025-10-03 21:34:47,034 INFO: Database initialized successfully [in C:\coll\coll\backend\run.py:42]
2025-10-03 21:34:47,035 INFO: Starting Flask app in production mode [in C:\coll\coll\backend\run.py:59]
2025-10-03 21:35:30,774 INFO: Backend application startup [in C:\coll\coll\backend\app\__init__.py:74]
2025-10-03 21:35:30,926 INFO: Backend application startup [in C:\coll\coll\backend\app\__init__.py:74]
2025-10-03 21:35:30,926 INFO: Backend application startup [in C:\coll\coll\backend\app\__init__.py:74]
2025-10-03 21:35:31,027 INFO: Backend application startup [in C:\coll\coll\backend\app\__init__.py:74]
2025-10-03 21:35:31,027 INFO: Backend application startup [in C:\coll\coll\backend\app\__init__.py:74]
2025-10-03 21:35:31,027 INFO: Backend application startup [in C:\coll\coll\backend\app\__init__.py:74]
2025-10-03 22:08:42,822 INFO: Backend application startup [in C:\coll\coll\backend\app\__init__.py:74]
2025-10-03 22:08:42,884 INFO: Database initialized successfully [in C:\coll\coll\backend\run.py:42]
2025-10-03 22:08:42,884 INFO: Starting Flask app in production mode [in C:\coll\coll\backend\run.py:59]
2025-10-03 22:09:16,418 INFO: Backend application startup [in C:\coll\coll\backend\app\__init__.py:74]
2025-10-03 22:09:16,653 INFO: Backend application startup [in C:\coll\coll\backend\app\__init__.py:74]
2025-10-03 22:09:16,653 INFO: Backend application startup [in C:\coll\coll\backend\app\__init__.py:74]
2025-10-03 22:09:16,720 INFO: Backend application startup [in C:\coll\coll\backend\app\__init__.py:74]
2025-10-03 22:09:16,720 INFO: Backend application startup [in C:\coll\coll\backend\app\__init__.py:74]
2025-10-03 22:09:16,720 INFO: Backend application startup [in C:\coll\coll\backend\app\__init__.py:74]
2025-10-03 22:09:18,739 INFO: Backend application startup [in C:\coll\coll\backend\app\__init__.py:74]
2025-10-03 22:09:18,887 INFO: Backend application startup [in C:\coll\coll\backend\app\__init__.py:74]
2025-10-03 22:09:18,887 INFO: Backend application startup [in C:\coll\coll\backend\app\__init__.py:74]
2025-10-03 22:09:19,000 INFO: Backend application startup [in C:\coll\coll\backend\app\__init__.py:74]
2025-10-03 22:09:19,000 INFO: Backend application startup [in C:\coll\coll\backend\app\__init__.py:74]
2025-10-03 22:09:19,000 INFO: Backend application startup [in C:\coll\coll\backend\app\__init__.py:74]
2025-10-03 22:10:43,360 INFO: Backend application startup [in C:\coll\coll\backend\app\__init__.py:74]
2025-10-03 22:10:43,500 INFO: Backend application startup [in C:\coll\coll\backend\app\__init__.py:74]
2025-10-03 22:10:43,500 INFO: Backend application startup [in C:\coll\coll\backend\app\__init__.py:74]
2025-10-03 22:10:43,575 INFO: Backend application startup [in C:\coll\coll\backend\app\__init__.py:74]
2025-10-03 22:10:43,575 INFO: Backend application startup [in C:\coll\coll\backend\app\__init__.py:74]
2025-10-03 22:10:43,575 INFO: Backend application startup [in C:\coll\coll\backend\app\__init__.py:74]
2025-10-03 22:10:45,263 INFO: Backend application startup [in C:\coll\coll\backend\app\__init__.py:74]
2025-10-03 22:10:45,403 INFO: Backend application startup [in C:\coll\coll\backend\app\__init__.py:74]
2025-10-03 22:10:45,403 INFO: Backend application startup [in C:\coll\coll\backend\app\__init__.py:74]
2025-10-03 22:10:45,499 INFO: Backend application startup [in C:\coll\coll\backend\app\__init__.py:74]
2025-10-03 22:10:45,499 INFO: Backend application startup [in C:\coll\coll\backend\app\__init__.py:74]
2025-10-03 22:10:45,499 INFO: Backend application startup [in C:\coll\coll\backend\app\__init__.py:74]
2025-10-03 22:14:35,408 INFO: Backend application startup [in C:\coll\coll\backend\app\__init__.py:74]
2025-10-03 22:14:35,571 INFO: Backend application startup [in C:\coll\coll\backend\app\__init__.py:74]
2025-10-03 22:14:35,571 INFO: Backend application startup [in C:\coll\coll\backend\app\__init__.py:74]
2025-10-03 22:14:35,647 INFO: Backend application startup [in C:\coll\coll\backend\app\__init__.py:74]
2025-10-03 22:14:35,647 INFO: Backend application startup [in C:\coll\coll\backend\app\__init__.py:74]
2025-10-03 22:14:35,647 INFO: Backend application startup [in C:\coll\coll\backend\app\__init__.py:74]
2025-10-03 22:14:38,684 INFO: Backend application startup [in C:\coll\coll\backend\app\__init__.py:74]
2025-10-03 22:14:38,684 INFO: Backend application startup [in C:\coll\coll\backend\app\__init__.py:74]
2025-10-03 22:14:38,714 INFO: Backend application startup [in C:\coll\coll\backend\app\__init__.py:74]
2025-10-03 22:14:38,747 INFO: Backend application startup [in C:\coll\coll\backend\app\__init__.py:74]
2025-10-03 22:14:38,747 INFO: Backend application startup [in C:\coll\coll\backend\app\__init__.py:74]
2025-10-03 22:14:38,759 INFO: Backend application startup [in C:\coll\coll\backend\app\__init__.py:74]
2025-10-03 22:14:38,760 INFO: Backend application startup [in C:\coll\coll\backend\app\__init__.py:74]
2025-10-03 22:14:38,759 INFO: Backend application startup [in C:\coll\coll\backend\app\__init__.py:74]
2025-10-03 22:14:38,760 INFO: Backend application startup [in C:\coll\coll\backend\app\__init__.py:74]
2025-10-03 22:14:38,774 INFO: Backend application startup [in C:\coll\coll\backend\app\__init__.py:74]
2025-10-03 22:14:38,780 INFO: Backend application startup [in C:\coll\coll\backend\app\__init__.py:74]
2025-10-03 22:14:38,801 INFO: Backend application startup [in C:\coll\coll\backend\app\__init__.py:74]
2025-10-03 22:14:38,801 INFO: Backend application startup [in C:\coll\coll\backend\app\__init__.py:74]
2025-10-03 22:14:38,802 INFO: Backend application startup [in C:\coll\coll\backend\app\__init__.py:74]
2025-10-03 22:14:38,809 INFO: Backend application startup [in C:\coll\coll\backend\app\__init__.py:74]
2025-10-03 22:14:38,809 INFO: Backend application startup [in C:\coll\coll\backend\app\__init__.py:74]
2025-10-03 22:14:38,812 INFO: Backend application startup [in C:\coll\coll\backend\app\__init__.py:74]
2025-10-03 22:14:38,812 INFO: Backend application startup [in C:\coll\coll\backend\app\__init__.py:74]
2025-10-03 22:14:38,813 INFO: Backend application startup [in C:\coll\coll\backend\app\__init__.py:74]
2025-10-03 22:14:38,832 INFO: Backend application startup [in C:\coll\coll\backend\app\__init__.py:74]
2025-10-03 22:14:38,835 INFO: Backend application startup [in C:\coll\coll\backend\app\__init__.py:74]
2025-10-03 22:14:38,835 INFO: Backend application startup [in C:\coll\coll\backend\app\__init__.py:74]
2025-10-03 22:14:38,846 INFO: Backend application startup [in C:\coll\coll\backend\app\__init__.py:74]
2025-10-03 22:14:38,846 INFO: Backend application startup [in C:\coll\coll\backend\app\__init__.py:74]
2025-10-03 22:14:38,861 INFO: Backend application startup [in C:\coll\coll\backend\app\__init__.py:74]
2025-10-03 22:14:38,861 INFO: Backend application startup [in C:\coll\coll\backend\app\__init__.py:74]
2025-10-03 22:14:38,869 INFO: Backend application startup [in C:\coll\coll\backend\app\__init__.py:74]
2025-10-03 22:14:38,869 INFO: Backend application startup [in C:\coll\coll\backend\app\__init__.py:74]
2025-10-03 22:14:38,877 INFO: Backend application startup [in C:\coll\coll\backend\app\__init__.py:74]
2025-10-03 22:14:38,879 INFO: Backend application startup [in C:\coll\coll\backend\app\__init__.py:74]
2025-10-03 22:14:38,893 INFO: Backend application startup [in C:\coll\coll\backend\app\__init__.py:74]
2025-10-03 22:14:38,893 INFO: Backend application startup [in C:\coll\coll\backend\app\__init__.py:74]
2025-10-03 22:14:38,912 INFO: Backend application startup [in C:\coll\coll\backend\app\__init__.py:74]
2025-10-03 22:14:38,912 INFO: Backend application startup [in C:\coll\coll\backend\app\__init__.py:74]
2025-10-03 22:14:38,912 INFO: Backend application startup [in C:\coll\coll\backend\app\__init__.py:74]
2025-10-03 22:14:38,912 INFO: Backend application startup [in C:\coll\coll\backend\app\__init__.py:74]
2025-10-04 08:48:21,963 INFO: Backend application startup [in C:\coll\coll\backend\app\__init__.py:74]
2025-10-04 08:48:22,023 INFO: Database initialized successfully [in C:\coll\coll\backend\run.py:42]
2025-10-04 08:48:22,027 INFO: Starting Flask app in production mode [in C:\coll\coll\backend\run.py:59]
2025-10-04 08:48:32,279 INFO: Backend application startup [in C:\coll\coll\backend\app\__init__.py:74]
2025-10-04 08:48:32,690 INFO: Backend application startup [in C:\coll\coll\backend\app\__init__.py:74]
2025-10-04 08:48:32,690 INFO: Backend application startup [in C:\coll\coll\backend\app\__init__.py:74]
2025-10-04 08:48:32,810 INFO: Backend application startup [in C:\coll\coll\backend\app\__init__.py:74]
2025-10-04 08:48:32,810 INFO: Backend application startup [in C:\coll\coll\backend\app\__init__.py:74]
2025-10-04 08:48:32,810 INFO: Backend application startup [in C:\coll\coll\backend\app\__init__.py:74]
2025-10-04 08:48:36,262 INFO: Backend application startup [in C:\coll\coll\backend\app\__init__.py:74]
2025-10-04 08:48:36,296 INFO: Backend application startup [in C:\coll\coll\backend\app\__init__.py:74]
2025-10-04 08:48:36,291 INFO: Backend application startup [in C:\coll\coll\backend\app\__init__.py:74]
2025-10-04 08:48:36,299 INFO: Backend application startup [in C:\coll\coll\backend\app\__init__.py:74]
2025-10-04 08:48:36,304 INFO: Backend application startup [in C:\coll\coll\backend\app\__init__.py:74]
2025-10-04 08:48:36,319 INFO: Backend application startup [in C:\coll\coll\backend\app\__init__.py:74]
2025-10-04 08:48:36,335 INFO: Backend application startup [in C:\coll\coll\backend\app\__init__.py:74]
2025-10-04 08:48:36,335 INFO: Backend application startup [in C:\coll\coll\backend\app\__init__.py:74]
2025-10-04 08:48:36,344 INFO: Backend application startup [in C:\coll\coll\backend\app\__init__.py:74]
2025-10-04 08:48:36,352 INFO: Backend application startup [in C:\coll\coll\backend\app\__init__.py:74]
2025-10-04 08:48:36,377 INFO: Backend application startup [in C:\coll\coll\backend\app\__init__.py:74]
2025-10-04 08:48:36,377 INFO: Backend application startup [in C:\coll\coll\backend\app\__init__.py:74]
2025-10-04 08:48:36,378 INFO: Backend application startup [in C:\coll\coll\backend\app\__init__.py:74]
2025-10-04 08:48:36,378 INFO: Backend application startup [in C:\coll\coll\backend\app\__init__.py:74]
2025-10-04 08:48:36,378 INFO: Backend application startup [in C:\coll\coll\backend\app\__init__.py:74]
2025-10-04 08:48:36,378 INFO: Backend application startup [in C:\coll\coll\backend\app\__init__.py:74]
2025-10-04 08:48:36,412 INFO: Backend application startup [in C:\coll\coll\backend\app\__init__.py:74]
2025-10-04 08:48:36,412 INFO: Backend application startup [in C:\coll\coll\backend\app\__init__.py:74]
2025-10-04 08:48:36,412 INFO: Backend application startup [in C:\coll\coll\backend\app\__init__.py:74]
2025-10-04 08:48:36,412 INFO: Backend application startup [in C:\coll\coll\backend\app\__init__.py:74]
2025-10-04 08:48:36,412 INFO: Backend application startup [in C:\coll\coll\backend\app\__init__.py:74]
2025-10-04 08:48:36,424 INFO: Backend application startup [in C:\coll\coll\backend\app\__init__.py:74]
2025-10-04 08:48:36,424 INFO: Backend application startup [in C:\coll\coll\backend\app\__init__.py:74]
2025-10-04 08:48:36,440 INFO: Backend application startup [in C:\coll\coll\backend\app\__init__.py:74]
2025-10-04 08:48:36,440 INFO: Backend application startup [in C:\coll\coll\backend\app\__init__.py:74]
2025-10-04 08:48:36,445 INFO: Backend application startup [in C:\coll\coll\backend\app\__init__.py:74]
2025-10-04 08:48:36,445 INFO: Backend application startup [in C:\coll\coll\backend\app\__init__.py:74]
2025-10-04 08:48:36,453 INFO: Backend application startup [in C:\coll\coll\backend\app\__init__.py:74]
2025-10-04 08:48:36,453 INFO: Backend application startup [in C:\coll\coll\backend\app\__init__.py:74]
2025-10-04 08:48:36,456 INFO: Backend application startup [in C:\coll\coll\backend\app\__init__.py:74]
2025-10-04 08:48:36,456 INFO: Backend application startup [in C:\coll\coll\backend\app\__init__.py:74]
2025-10-04 08:48:36,488 INFO: Backend application startup [in C:\coll\coll\backend\app\__init__.py:74]
2025-10-04 08:48:36,495 INFO: Backend application startup [in C:\coll\coll\backend\app\__init__.py:74]
2025-10-04 08:48:36,495 INFO: Backend application startup [in C:\coll\coll\backend\app\__init__.py:74]
2025-10-04 08:48:36,528 INFO: Backend application startup [in C:\coll\coll\backend\app\__init__.py:74]
2025-10-04 08:48:36,528 INFO: Backend application startup [in C:\coll\coll\backend\app\__init__.py:74]
2025-10-04 08:54:37,204 INFO: Backend application startup [in C:\coll\coll\backend\app\__init__.py:74]
2025-10-04 08:54:37,275 INFO: Database initialized successfully [in C:\coll\coll\backend\run.py:42]
2025-10-04 08:54:37,276 INFO: Starting Flask app in production mode [in C:\coll\coll\backend\run.py:59]
2025-10-04 08:54:45,410 INFO: Backend application startup [in C:\coll\coll\backend\app\__init__.py:74]
2025-10-04 08:54:45,644 INFO: Backend application startup [in C:\coll\coll\backend\app\__init__.py:74]
2025-10-04 08:54:45,644 INFO: Backend application startup [in C:\coll\coll\backend\app\__init__.py:74]
2025-10-04 08:54:45,767 INFO: Backend application startup [in C:\coll\coll\backend\app\__init__.py:74]
2025-10-04 08:54:45,767 INFO: Backend application startup [in C:\coll\coll\backend\app\__init__.py:74]
2025-10-04 08:54:45,767 INFO: Backend application startup [in C:\coll\coll\backend\app\__init__.py:74]
2025-10-04 08:54:49,138 INFO: Backend application startup [in C:\coll\coll\backend\app\__init__.py:74]
2025-10-04 08:54:49,138 INFO: Backend application startup [in C:\coll\coll\backend\app\__init__.py:74]
2025-10-04 08:54:49,159 INFO: Backend application startup [in C:\coll\coll\backend\app\__init__.py:74]
2025-10-04 08:54:49,171 INFO: Backend application startup [in C:\coll\coll\backend\app\__init__.py:74]
2025-10-04 08:54:49,196 INFO: Backend application startup [in C:\coll\coll\backend\app\__init__.py:74]
2025-10-04 08:54:49,209 INFO: Backend application startup [in C:\coll\coll\backend\app\__init__.py:74]
2025-10-04 08:54:49,209 INFO: Backend application startup [in C:\coll\coll\backend\app\__init__.py:74]
2025-10-04 08:54:49,219 INFO: Backend application startup [in C:\coll\coll\backend\app\__init__.py:74]
2025-10-04 08:54:49,219 INFO: Backend application startup [in C:\coll\coll\backend\app\__init__.py:74]
2025-10-04 08:54:49,219 INFO: Backend application startup [in C:\coll\coll\backend\app\__init__.py:74]
2025-10-04 08:54:49,226 INFO: Backend application startup [in C:\coll\coll\backend\app\__init__.py:74]
2025-10-04 08:54:49,238 INFO: Backend application startup [in C:\coll\coll\backend\app\__init__.py:74]
2025-10-04 08:54:49,243 INFO: Backend application startup [in C:\coll\coll\backend\app\__init__.py:74]
2025-10-04 08:54:49,238 INFO: Backend application startup [in C:\coll\coll\backend\app\__init__.py:74]
2025-10-04 08:54:49,243 INFO: Backend application startup [in C:\coll\coll\backend\app\__init__.py:74]
2025-10-04 08:54:49,238 INFO: Backend application startup [in C:\coll\coll\backend\app\__init__.py:74]
2025-10-04 08:54:49,244 INFO: Backend application startup [in C:\coll\coll\backend\app\__init__.py:74]
2025-10-04 08:54:49,260 INFO: Backend application startup [in C:\coll\coll\backend\app\__init__.py:74]
2025-10-04 08:54:49,260 INFO: Backend application startup [in C:\coll\coll\backend\app\__init__.py:74]
2025-10-04 08:54:49,276 INFO: Backend application startup [in C:\coll\coll\backend\app\__init__.py:74]
2025-10-04 08:54:49,276 INFO: Backend application startup [in C:\coll\coll\backend\app\__init__.py:74]
2025-10-04 08:54:49,293 INFO: Backend application startup [in C:\coll\coll\backend\app\__init__.py:74]
2025-10-04 08:54:49,293 INFO: Backend application startup [in C:\coll\coll\backend\app\__init__.py:74]
2025-10-04 08:54:49,293 INFO: Backend application startup [in C:\coll\coll\backend\app\__init__.py:74]
2025-10-04 08:54:49,309 INFO: Backend application startup [in C:\coll\coll\backend\app\__init__.py:74]
2025-10-04 08:54:49,309 INFO: Backend application startup [in C:\coll\coll\backend\app\__init__.py:74]
2025-10-04 08:54:49,314 INFO: Backend application startup [in C:\coll\coll\backend\app\__init__.py:74]
2025-10-04 08:54:49,314 INFO: Backend application startup [in C:\coll\coll\backend\app\__init__.py:74]
2025-10-04 08:54:49,343 INFO: Backend application startup [in C:\coll\coll\backend\app\__init__.py:74]
2025-10-04 08:54:49,360 INFO: Backend application startup [in C:\coll\coll\backend\app\__init__.py:74]
2025-10-04 08:54:49,360 INFO: Backend application startup [in C:\coll\coll\backend\app\__init__.py:74]
2025-10-04 08:54:49,360 INFO: Backend application startup [in C:\coll\coll\backend\app\__init__.py:74]
2025-10-04 08:54:49,393 INFO: Backend application startup [in C:\coll\coll\backend\app\__init__.py:74]
2025-10-04 08:54:49,393 INFO: Backend application startup [in C:\coll\coll\backend\app\__init__.py:74]
2025-10-04 08:54:49,409 INFO: Backend application startup [in C:\coll\coll\backend\app\__init__.py:74]
2025-10-04 08:54:49,409 INFO: Backend application startup [in C:\coll\coll\backend\app\__init__.py:74]
2025-10-04 08:57:56,393 INFO: Backend application startup [in C:\coll\coll\backend\app\__init__.py:74]
2025-10-04 08:57:56,448 INFO: Database initialized successfully [in C:\coll\coll\backend\run.py:42]
2025-10-04 08:57:56,448 INFO: Starting Flask app in production mode [in C:\coll\coll\backend\run.py:59]
2025-10-04 08:58:05,130 INFO: Backend application startup [in C:\coll\coll\backend\app\__init__.py:74]
2025-10-04 08:58:05,337 INFO: Backend application startup [in C:\coll\coll\backend\app\__init__.py:74]
2025-10-04 08:58:05,337 INFO: Backend application startup [in C:\coll\coll\backend\app\__init__.py:74]
2025-10-04 08:58:05,433 INFO: Backend application startup [in C:\coll\coll\backend\app\__init__.py:74]
2025-10-04 08:58:05,433 INFO: Backend application startup [in C:\coll\coll\backend\app\__init__.py:74]
2025-10-04 08:58:05,433 INFO: Backend application startup [in C:\coll\coll\backend\app\__init__.py:74]
2025-10-04 08:58:09,299 INFO: Backend application startup [in C:\coll\coll\backend\app\__init__.py:74]
2025-10-04 08:58:09,306 INFO: Backend application startup [in C:\coll\coll\backend\app\__init__.py:74]
2025-10-04 08:58:09,316 INFO: Backend application startup [in C:\coll\coll\backend\app\__init__.py:74]
2025-10-04 08:58:09,349 INFO: Backend application startup [in C:\coll\coll\backend\app\__init__.py:74]
2025-10-04 08:58:09,374 INFO: Backend application startup [in C:\coll\coll\backend\app\__init__.py:74]
2025-10-04 08:58:09,390 INFO: Backend application startup [in C:\coll\coll\backend\app\__init__.py:74]
2025-10-04 08:58:09,390 INFO: Backend application startup [in C:\coll\coll\backend\app\__init__.py:74]
2025-10-04 08:58:09,399 INFO: Backend application startup [in C:\coll\coll\backend\app\__init__.py:74]
2025-10-04 08:58:09,399 INFO: Backend application startup [in C:\coll\coll\backend\app\__init__.py:74]
2025-10-04 08:58:09,416 INFO: Backend application startup [in C:\coll\coll\backend\app\__init__.py:74]
2025-10-04 08:58:09,416 INFO: Backend application startup [in C:\coll\coll\backend\app\__init__.py:74]
2025-10-04 08:58:09,431 INFO: Backend application startup [in C:\coll\coll\backend\app\__init__.py:74]
2025-10-04 08:58:09,431 INFO: Backend application startup [in C:\coll\coll\backend\app\__init__.py:74]
2025-10-04 08:58:09,447 INFO: Backend application startup [in C:\coll\coll\backend\app\__init__.py:74]
2025-10-04 08:58:09,460 INFO: Backend application startup [in C:\coll\coll\backend\app\__init__.py:74]
2025-10-04 08:58:09,463 INFO: Backend application startup [in C:\coll\coll\backend\app\__init__.py:74]
2025-10-04 08:58:09,463 INFO: Backend application startup [in C:\coll\coll\backend\app\__init__.py:74]
2025-10-04 08:58:09,495 INFO: Backend application startup [in C:\coll\coll\backend\app\__init__.py:74]
2025-10-04 08:58:09,502 INFO: Backend application startup [in C:\coll\coll\backend\app\__init__.py:74]
2025-10-04 08:58:09,535 INFO: Backend application startup [in C:\coll\coll\backend\app\__init__.py:74]
2025-10-04 08:58:09,535 INFO: Backend application startup [in C:\coll\coll\backend\app\__init__.py:74]
2025-10-04 08:58:09,535 INFO: Backend application startup [in C:\coll\coll\backend\app\__init__.py:74]
2025-10-04 08:58:09,535 INFO: Backend application startup [in C:\coll\coll\backend\app\__init__.py:74]
2025-10-04 08:58:09,535 INFO: Backend application startup [in C:\coll\coll\backend\app\__init__.py:74]
2025-10-04 08:58:09,535 INFO: Backend application startup [in C:\coll\coll\backend\app\__init__.py:74]
2025-10-04 08:58:09,570 INFO: Backend application startup [in C:\coll\coll\backend\app\__init__.py:74]
2025-10-04 08:58:09,570 INFO: Backend application startup [in C:\coll\coll\backend\app\__init__.py:74]
2025-10-04 08:58:09,570 INFO: Backend application startup [in C:\coll\coll\backend\app\__init__.py:74]
2025-10-04 08:58:09,585 INFO: Backend application startup [in C:\coll\coll\backend\app\__init__.py:74]
2025-10-04 08:58:09,585 INFO: Backend application startup [in C:\coll\coll\backend\app\__init__.py:74]
2025-10-04 08:58:09,599 INFO: Backend application startup [in C:\coll\coll\backend\app\__init__.py:74]
2025-10-04 08:58:09,599 INFO: Backend application startup [in C:\coll\coll\backend\app\__init__.py:74]
2025-10-04 08:58:09,606 INFO: Backend application startup [in C:\coll\coll\backend\app\__init__.py:74]
2025-10-04 08:58:09,606 INFO: Backend application startup [in C:\coll\coll\backend\app\__init__.py:74]
2025-10-04 08:58:09,632 INFO: Backend application startup [in C:\coll\coll\backend\app\__init__.py:74]
2025-10-04 08:58:09,632 INFO: Backend application startup [in C:\coll\coll\backend\app\__init__.py:74]
2025-10-04 08:58:27,365 INFO: Backend application startup [in C:\coll\coll\backend\app\__init__.py:74]
2025-10-04 08:58:27,365 INFO: Backend application startup [in C:\coll\coll\backend\app\__init__.py:74]
2025-10-04 09:03:24,167 INFO: Backend application startup [in C:\coll\coll\backend\app\__init__.py:74]
2025-10-04 09:03:24,224 INFO: Database initialized successfully [in C:\coll\coll\backend\run.py:42]
2025-10-04 09:03:24,224 INFO: Starting Flask app in production mode [in C:\coll\coll\backend\run.py:59]
2025-10-04 09:03:34,250 INFO: Backend application startup [in C:\coll\coll\backend\app\__init__.py:74]
2025-10-04 09:03:34,443 INFO: Backend application startup [in C:\coll\coll\backend\app\__init__.py:74]
2025-10-04 09:03:34,443 INFO: Backend application startup [in C:\coll\coll\backend\app\__init__.py:74]
2025-10-04 09:03:34,535 INFO: Backend application startup [in C:\coll\coll\backend\app\__init__.py:74]
2025-10-04 09:03:34,535 INFO: Backend application startup [in C:\coll\coll\backend\app\__init__.py:74]
2025-10-04 09:03:34,535 INFO: Backend application startup [in C:\coll\coll\backend\app\__init__.py:74]
2025-10-04 09:03:37,817 INFO: Backend application startup [in C:\coll\coll\backend\app\__init__.py:74]
2025-10-04 09:03:37,827 INFO: Backend application startup [in C:\coll\coll\backend\app\__init__.py:74]
2025-10-04 09:03:37,832 INFO: Backend application startup [in C:\coll\coll\backend\app\__init__.py:74]
2025-10-04 09:03:37,866 INFO: Backend application startup [in C:\coll\coll\backend\app\__init__.py:74]
2025-10-04 09:03:37,883 INFO: Backend application startup [in C:\coll\coll\backend\app\__init__.py:74]
2025-10-04 09:03:37,883 INFO: Backend application startup [in C:\coll\coll\backend\app\__init__.py:74]
2025-10-04 09:03:37,892 INFO: Backend application startup [in C:\coll\coll\backend\app\__init__.py:74]
2025-10-04 09:03:37,898 INFO: Backend application startup [in C:\coll\coll\backend\app\__init__.py:74]
2025-10-04 09:03:37,901 INFO: Backend application startup [in C:\coll\coll\backend\app\__init__.py:74]
2025-10-04 09:03:37,898 INFO: Backend application startup [in C:\coll\coll\backend\app\__init__.py:74]
2025-10-04 09:03:37,901 INFO: Backend application startup [in C:\coll\coll\backend\app\__init__.py:74]
2025-10-04 09:03:37,908 INFO: Backend application startup [in C:\coll\coll\backend\app\__init__.py:74]
2025-10-04 09:03:37,916 INFO: Backend application startup [in C:\coll\coll\backend\app\__init__.py:74]
2025-10-04 09:03:37,940 INFO: Backend application startup [in C:\coll\coll\backend\app\__init__.py:74]
2025-10-04 09:03:37,940 INFO: Backend application startup [in C:\coll\coll\backend\app\__init__.py:74]
2025-10-04 09:03:37,949 INFO: Backend application startup [in C:\coll\coll\backend\app\__init__.py:74]
2025-10-04 09:03:37,966 INFO: Backend application startup [in C:\coll\coll\backend\app\__init__.py:74]
2025-10-04 09:03:37,966 INFO: Backend application startup [in C:\coll\coll\backend\app\__init__.py:74]
2025-10-04 09:03:37,966 INFO: Backend application startup [in C:\coll\coll\backend\app\__init__.py:74]
2025-10-04 09:03:37,966 INFO: Backend application startup [in C:\coll\coll\backend\app\__init__.py:74]
2025-10-04 09:03:37,983 INFO: Backend application startup [in C:\coll\coll\backend\app\__init__.py:74]
2025-10-04 09:03:37,983 INFO: Backend application startup [in C:\coll\coll\backend\app\__init__.py:74]
2025-10-04 09:03:37,995 INFO: Backend application startup [in C:\coll\coll\backend\app\__init__.py:74]
2025-10-04 09:03:38,011 INFO: Backend application startup [in C:\coll\coll\backend\app\__init__.py:74]
2025-10-04 09:03:38,016 INFO: Backend application startup [in C:\coll\coll\backend\app\__init__.py:74]
2025-10-04 09:03:38,016 INFO: Backend application startup [in C:\coll\coll\backend\app\__init__.py:74]
2025-10-04 09:03:38,032 INFO: Backend application startup [in C:\coll\coll\backend\app\__init__.py:74]
2025-10-04 09:03:38,043 INFO: Backend application startup [in C:\coll\coll\backend\app\__init__.py:74]
2025-10-04 09:03:38,043 INFO: Backend application startup [in C:\coll\coll\backend\app\__init__.py:74]
2025-10-04 09:03:38,054 INFO: Backend application startup [in C:\coll\coll\backend\app\__init__.py:74]
2025-10-04 09:03:38,054 INFO: Backend application startup [in C:\coll\coll\backend\app\__init__.py:74]
2025-10-04 09:03:38,082 INFO: Backend application startup [in C:\coll\coll\backend\app\__init__.py:74]
2025-10-04 09:03:38,082 INFO: Backend application startup [in C:\coll\coll\backend\app\__init__.py:74]
2025-10-04 09:03:38,083 INFO: Backend application startup [in C:\coll\coll\backend\app\__init__.py:74]
2025-10-04 09:03:38,129 INFO: Backend application startup [in C:\coll\coll\backend\app\__init__.py:74]
2025-10-04 09:03:38,129 INFO: Backend application startup [in C:\coll\coll\backend\app\__init__.py:74]
2025-10-07 22:31:27,588 INFO: Backend application startup [in C:\coll\coll\backend\app\__init__.py:74]
2025-10-07 22:31:27,648 INFO: Database initialized successfully [in C:\coll\coll\backend\run.py:42]
2025-10-07 22:31:27,648 INFO: Starting Flask app in production mode [in C:\coll\coll\backend\run.py:59]
2025-10-07 22:32:27,459 INFO: Backend application startup [in C:\coll\coll\backend\app\__init__.py:74]
2025-10-07 22:32:27,756 INFO: Backend application startup [in C:\coll\coll\backend\app\__init__.py:74]
2025-10-07 22:32:27,756 INFO: Backend application startup [in C:\coll\coll\backend\app\__init__.py:74]
2025-10-07 22:32:27,843 INFO: Backend application startup [in C:\coll\coll\backend\app\__init__.py:74]
2025-10-07 22:32:27,843 INFO: Backend application startup [in C:\coll\coll\backend\app\__init__.py:74]
2025-10-07 22:32:27,843 INFO: Backend application startup [in C:\coll\coll\backend\app\__init__.py:74]
2025-10-07 22:32:30,820 INFO: Backend application startup [in C:\coll\coll\backend\app\__init__.py:74]
2025-10-07 22:32:30,850 INFO: Backend application startup [in C:\coll\coll\backend\app\__init__.py:74]
2025-10-07 22:32:30,861 INFO: Backend application startup [in C:\coll\coll\backend\app\__init__.py:74]
2025-10-07 22:32:30,888 INFO: Backend application startup [in C:\coll\coll\backend\app\__init__.py:74]
2025-10-07 22:32:30,888 INFO: Backend application startup [in C:\coll\coll\backend\app\__init__.py:74]
2025-10-07 22:32:30,888 INFO: Backend application startup [in C:\coll\coll\backend\app\__init__.py:74]
2025-10-07 22:32:30,904 INFO: Backend application startup [in C:\coll\coll\backend\app\__init__.py:74]
2025-10-07 22:32:30,906 INFO: Backend application startup [in C:\coll\coll\backend\app\__init__.py:74]
2025-10-07 22:32:30,919 INFO: Backend application startup [in C:\coll\coll\backend\app\__init__.py:74]
2025-10-07 22:32:30,922 INFO: Backend application startup [in C:\coll\coll\backend\app\__init__.py:74]
2025-10-07 22:32:30,927 INFO: Backend application startup [in C:\coll\coll\backend\app\__init__.py:74]
2025-10-07 22:32:30,927 INFO: Backend application startup [in C:\coll\coll\backend\app\__init__.py:74]
2025-10-07 22:32:30,938 INFO: Backend application startup [in C:\coll\coll\backend\app\__init__.py:74]
2025-10-07 22:32:30,953 INFO: Backend application startup [in C:\coll\coll\backend\app\__init__.py:74]
2025-10-07 22:32:30,953 INFO: Backend application startup [in C:\coll\coll\backend\app\__init__.py:74]
2025-10-07 22:32:30,961 INFO: Backend application startup [in C:\coll\coll\backend\app\__init__.py:74]
2025-10-07 22:32:30,961 INFO: Backend application startup [in C:\coll\coll\backend\app\__init__.py:74]
2025-10-07 22:32:30,971 INFO: Backend application startup [in C:\coll\coll\backend\app\__init__.py:74]
2025-10-07 22:32:30,971 INFO: Backend application startup [in C:\coll\coll\backend\app\__init__.py:74]
2025-10-07 22:32:30,971 INFO: Backend application startup [in C:\coll\coll\backend\app\__init__.py:74]
2025-10-07 22:32:30,971 INFO: Backend application startup [in C:\coll\coll\backend\app\__init__.py:74]
2025-10-07 22:32:30,985 INFO: Backend application startup [in C:\coll\coll\backend\app\__init__.py:74]
2025-10-07 22:32:30,989 INFO: Backend application startup [in C:\coll\coll\backend\app\__init__.py:74]
2025-10-07 22:32:30,989 INFO: Backend application startup [in C:\coll\coll\backend\app\__init__.py:74]
2025-10-07 22:32:30,989 INFO: Backend application startup [in C:\coll\coll\backend\app\__init__.py:74]
2025-10-07 22:32:30,989 INFO: Backend application startup [in C:\coll\coll\backend\app\__init__.py:74]
2025-10-07 22:32:31,004 INFO: Backend application startup [in C:\coll\coll\backend\app\__init__.py:74]
2025-10-07 22:32:31,004 INFO: Backend application startup [in C:\coll\coll\backend\app\__init__.py:74]
2025-10-07 22:32:31,042 INFO: Backend application startup [in C:\coll\coll\backend\app\__init__.py:74]
2025-10-07 22:32:31,044 INFO: Backend application startup [in C:\coll\coll\backend\app\__init__.py:74]
2025-10-07 22:32:31,044 INFO: Backend application startup [in C:\coll\coll\backend\app\__init__.py:74]
2025-10-07 22:32:31,049 INFO: Backend application startup [in C:\coll\coll\backend\app\__init__.py:74]
2025-10-07 22:32:31,083 INFO: Backend application startup [in C:\coll\coll\backend\app\__init__.py:74]
2025-10-07 22:32:31,083 INFO: Backend application startup [in C:\coll\coll\backend\app\__init__.py:74]
2025-10-07 22:32:31,089 INFO: Backend application startup [in C:\coll\coll\backend\app\__init__.py:74]
2025-10-07 22:32:31,089 INFO: Backend application startup [in C:\coll\coll\backend\app\__init__.py:74]
2025-10-07 22:33:15,680 INFO: Backend application startup [in C:\coll\coll\backend\app\__init__.py:74]
2025-10-07 22:33:15,680 INFO: Backend application startup [in C:\coll\coll\backend\app\__init__.py:74]
2025-11-03 17:12:59,201 INFO: Backend application startup [in C:\coll\coll\backend\app\__init__.py:74]
2025-11-03 17:12:59,297 INFO: Database initialized successfully [in C:\coll\coll\backend\run.py:42]
2025-11-03 17:12:59,305 INFO: Starting Flask app in production mode [in C:\coll\coll\backend\run.py:59]
2025-11-03 17:15:12,988 INFO: Backend application startup [in C:\coll\coll\backend\app\__init__.py:74]
2025-11-03 17:15:13,372 INFO: Backend application startup [in C:\coll\coll\backend\app\__init__.py:74]
2025-11-03 17:15:13,372 INFO: Backend application startup [in C:\coll\coll\backend\app\__init__.py:74]
2025-11-03 17:15:13,488 INFO: Backend application startup [in C:\coll\coll\backend\app\__init__.py:74]
2025-11-03 17:15:13,488 INFO: Backend application startup [in C:\coll\coll\backend\app\__init__.py:74]
2025-11-03 17:15:13,488 INFO: Backend application startup [in C:\coll\coll\backend\app\__init__.py:74]
2025-11-03 17:15:17,413 INFO: Backend application startup [in C:\coll\coll\backend\app\__init__.py:74]
2025-11-03 17:15:17,413 INFO: Backend application startup [in C:\coll\coll\backend\app\__init__.py:74]
2025-11-03 17:15:17,413 INFO: Backend application startup [in C:\coll\coll\backend\app\__init__.py:74]
2025-11-03 17:15:17,428 INFO: Backend application startup [in C:\coll\coll\backend\app\__init__.py:74]
2025-11-03 17:15:17,435 INFO: Backend application startup [in C:\coll\coll\backend\app\__init__.py:74]
2025-11-03 17:15:17,481 INFO: Backend application startup [in C:\coll\coll\backend\app\__init__.py:74]
2025-11-03 17:15:17,515 INFO: Backend application startup [in C:\coll\coll\backend\app\__init__.py:74]
2025-11-03 17:15:17,515 INFO: Backend application startup [in C:\coll\coll\backend\app\__init__.py:74]
2025-11-03 17:15:17,532 INFO: Backend application startup [in C:\coll\coll\backend\app\__init__.py:74]
2025-11-03 17:15:17,532 INFO: Backend application startup [in C:\coll\coll\backend\app\__init__.py:74]
2025-11-03 17:15:17,532 INFO: Backend application startup [in C:\coll\coll\backend\app\__init__.py:74]
2025-11-03 17:15:17,532 INFO: Backend application startup [in C:\coll\coll\backend\app\__init__.py:74]
2025-11-03 17:15:17,539 INFO: Backend application startup [in C:\coll\coll\backend\app\__init__.py:74]
2025-11-03 17:15:17,539 INFO: Backend application startup [in C:\coll\coll\backend\app\__init__.py:74]
2025-11-03 17:15:17,548 INFO: Backend application startup [in C:\coll\coll\backend\app\__init__.py:74]
2025-11-03 17:15:17,570 INFO: Backend application startup [in C:\coll\coll\backend\app\__init__.py:74]
2025-11-03 17:15:17,570 INFO: Backend application startup [in C:\coll\coll\backend\app\__init__.py:74]
2025-11-03 17:15:17,589 INFO: Backend application startup [in C:\coll\coll\backend\app\__init__.py:74]
2025-11-03 17:15:17,592 INFO: Backend application startup [in C:\coll\coll\backend\app\__init__.py:74]
2025-11-03 17:15:17,592 INFO: Backend application startup [in C:\coll\coll\backend\app\__init__.py:74]
2025-11-03 17:15:17,640 INFO: Backend application startup [in C:\coll\coll\backend\app\__init__.py:74]
2025-11-03 17:15:17,640 INFO: Backend application startup [in C:\coll\coll\backend\app\__init__.py:74]
2025-11-03 17:15:17,672 INFO: Backend application startup [in C:\coll\coll\backend\app\__init__.py:74]
2025-11-03 17:15:17,672 INFO: Backend application startup [in C:\coll\coll\backend\app\__init__.py:74]
2025-11-03 17:15:17,672 INFO: Backend application startup [in C:\coll\coll\backend\app\__init__.py:74]
2025-11-03 17:15:17,729 INFO: Backend application startup [in C:\coll\coll\backend\app\__init__.py:74]
2025-11-03 17:15:17,731 INFO: Backend application startup [in C:\coll\coll\backend\app\__init__.py:74]
2025-11-03 17:15:17,731 INFO: Backend application startup [in C:\coll\coll\backend\app\__init__.py:74]
2025-11-03 17:15:17,765 INFO: Backend application startup [in C:\coll\coll\backend\app\__init__.py:74]
2025-11-03 17:15:17,785 INFO: Backend application startup [in C:\coll\coll\backend\app\__init__.py:74]
2025-11-03 17:15:17,785 INFO: Backend application startup [in C:\coll\coll\backend\app\__init__.py:74]
2025-11-03 17:15:17,817 INFO: Backend application startup [in C:\coll\coll\backend\app\__init__.py:74]
2025-11-03 17:15:17,817 INFO: Backend application startup [in C:\coll\coll\backend\app\__init__.py:74]
2025-11-03 17:15:17,823 INFO: Backend application startup [in C:\coll\coll\backend\app\__init__.py:74]
2025-11-03 17:15:17,898 INFO: Backend application startup [in C:\coll\coll\backend\app\__init__.py:74]
2025-11-03 17:15:17,898 INFO: Backend application startup [in C:\coll\coll\backend\app\__init__.py:74]
2025-11-03 17:19:58,893 INFO: Backend application startup [in C:\coll\coll\backend\app\__init__.py:74]
2025-11-03 17:19:58,893 INFO: Backend application startup [in C:\coll\coll\backend\app\__init__.py:74]
